<?xml version="1.0" encoding="UTF-8"?>
<testsuite xmlns:xsi="http://www.w3.org/2001/XMLSchema-instance" xsi:noNamespaceSchemaLocation="https://maven.apache.org/surefire/maven-surefire-plugin/xsd/surefire-test-report.xsd" name="cn.qg.father.AppTest" time="0.041" tests="1" errors="0" skipped="0" failures="0">
  <properties>
    <property name="sun.desktop" value="windows"/>
    <property name="awt.toolkit" value="sun.awt.windows.WToolkit"/>
    <property name="file.encoding.pkg" value="sun.io"/>
    <property name="java.specification.version" value="1.8"/>
    <property name="sun.cpu.isalist" value="amd64"/>
    <property name="sun.jnu.encoding" value="GBK"/>
    <property name="java.class.path" value="E:\workspace\itrip\father\Module\target\test-classes;E:\workspace\itrip\father\Module\target\classes;D:\安装包Collection\maven3.5\mavenku\junit\junit\4.11\junit-4.11.jar;D:\安装包Collection\maven3.5\mavenku\org\hamcrest\hamcrest-core\1.3\hamcrest-core-1.3.jar;D:\安装包Collection\maven3.5\mavenku\org\springframework\boot\spring-boot-starter-data-redis\1.5.13.RELEASE\spring-boot-starter-data-redis-1.5.13.RELEASE.jar;D:\安装包Collection\maven3.5\mavenku\org\springframework\boot\spring-boot-starter\1.5.13.RELEASE\spring-boot-starter-1.5.13.RELEASE.jar;D:\安装包Collection\maven3.5\mavenku\org\springframework\boot\spring-boot\1.5.13.RELEASE\spring-boot-1.5.13.RELEASE.jar;D:\安装包Collection\maven3.5\mavenku\org\springframework\boot\spring-boot-autoconfigure\1.5.13.RELEASE\spring-boot-autoconfigure-1.5.13.RELEASE.jar;D:\安装包Collection\maven3.5\mavenku\org\springframework\boot\spring-boot-starter-logging\1.5.13.RELEASE\spring-boot-starter-logging-1.5.13.RELEASE.jar;D:\安装包Collection\maven3.5\mavenku\ch\qos\logback\logback-classic\1.1.11\logback-classic-1.1.11.jar;D:\安装包Collection\maven3.5\mavenku\ch\qos\logback\logback-core\1.1.11\logback-core-1.1.11.jar;D:\安装包Collection\maven3.5\mavenku\org\slf4j\jul-to-slf4j\1.7.25\jul-to-slf4j-1.7.25.jar;D:\安装包Collection\maven3.5\mavenku\org\slf4j\log4j-over-slf4j\1.7.25\log4j-over-slf4j-1.7.25.jar;D:\安装包Collection\maven3.5\mavenku\org\springframework\spring-core\4.3.17.RELEASE\spring-core-4.3.17.RELEASE.jar;D:\安装包Collection\maven3.5\mavenku\org\yaml\snakeyaml\1.17\snakeyaml-1.17.jar;D:\安装包Collection\maven3.5\mavenku\org\springframework\data\spring-data-redis\1.8.12.RELEASE\spring-data-redis-1.8.12.RELEASE.jar;D:\安装包Collection\maven3.5\mavenku\org\springframework\data\spring-data-keyvalue\1.2.12.RELEASE\spring-data-keyvalue-1.2.12.RELEASE.jar;D:\安装包Collection\maven3.5\mavenku\org\springframework\data\spring-data-commons\1.13.12.RELEASE\spring-data-commons-1.13.12.RELEASE.jar;D:\安装包Collection\maven3.5\mavenku\org\springframework\spring-tx\4.3.17.RELEASE\spring-tx-4.3.17.RELEASE.jar;D:\安装包Collection\maven3.5\mavenku\org\springframework\spring-oxm\4.3.17.RELEASE\spring-oxm-4.3.17.RELEASE.jar;D:\安装包Collection\maven3.5\mavenku\org\springframework\spring-aop\4.3.17.RELEASE\spring-aop-4.3.17.RELEASE.jar;D:\安装包Collection\maven3.5\mavenku\org\springframework\spring-context-support\4.3.17.RELEASE\spring-context-support-4.3.17.RELEASE.jar;D:\安装包Collection\maven3.5\mavenku\org\slf4j\slf4j-api\1.7.25\slf4j-api-1.7.25.jar;D:\安装包Collection\maven3.5\mavenku\org\slf4j\jcl-over-slf4j\1.7.25\jcl-over-slf4j-1.7.25.jar;D:\安装包Collection\maven3.5\mavenku\redis\clients\jedis\2.9.0\jedis-2.9.0.jar;D:\安装包Collection\maven3.5\mavenku\org\apache\commons\commons-pool2\2.4.3\commons-pool2-2.4.3.jar;D:\安装包Collection\maven3.5\mavenku\org\springframework\boot\spring-boot-starter-web\1.5.13.RELEASE\spring-boot-starter-web-1.5.13.RELEASE.jar;D:\安装包Collection\maven3.5\mavenku\org\springframework\boot\spring-boot-starter-tomcat\1.5.13.RELEASE\spring-boot-starter-tomcat-1.5.13.RELEASE.jar;D:\安装包Collection\maven3.5\mavenku\org\apache\tomcat\embed\tomcat-embed-core\8.5.31\tomcat-embed-core-8.5.31.jar;D:\安装包Collection\maven3.5\mavenku\org\apache\tomcat\tomcat-annotations-api\8.5.31\tomcat-annotations-api-8.5.31.jar;D:\安装包Collection\maven3.5\mavenku\org\apache\tomcat\embed\tomcat-embed-el\8.5.31\tomcat-embed-el-8.5.31.jar;D:\安装包Collection\maven3.5\mavenku\org\apache\tomcat\embed\tomcat-embed-websocket\8.5.31\tomcat-embed-websocket-8.5.31.jar;D:\安装包Collection\maven3.5\mavenku\org\hibernate\hibernate-validator\5.3.6.Final\hibernate-validator-5.3.6.Final.jar;D:\安装包Collection\maven3.5\mavenku\javax\validation\validation-api\1.1.0.Final\validation-api-1.1.0.Final.jar;D:\安装包Collection\maven3.5\mavenku\org\jboss\logging\jboss-logging\3.3.2.Final\jboss-logging-3.3.2.Final.jar;D:\安装包Collection\maven3.5\mavenku\com\fasterxml\classmate\1.3.4\classmate-1.3.4.jar;D:\安装包Collection\maven3.5\mavenku\com\fasterxml\jackson\core\jackson-databind\2.8.11.1\jackson-databind-2.8.11.1.jar;D:\安装包Collection\maven3.5\mavenku\com\fasterxml\jackson\core\jackson-annotations\2.8.0\jackson-annotations-2.8.0.jar;D:\安装包Collection\maven3.5\mavenku\com\fasterxml\jackson\core\jackson-core\2.8.11\jackson-core-2.8.11.jar;D:\安装包Collection\maven3.5\mavenku\org\springframework\spring-web\4.3.17.RELEASE\spring-web-4.3.17.RELEASE.jar;D:\安装包Collection\maven3.5\mavenku\org\springframework\spring-beans\4.3.17.RELEASE\spring-beans-4.3.17.RELEASE.jar;D:\安装包Collection\maven3.5\mavenku\org\springframework\spring-context\4.3.17.RELEASE\spring-context-4.3.17.RELEASE.jar;D:\安装包Collection\maven3.5\mavenku\org\springframework\spring-webmvc\4.3.17.RELEASE\spring-webmvc-4.3.17.RELEASE.jar;D:\安装包Collection\maven3.5\mavenku\org\springframework\spring-expression\4.3.17.RELEASE\spring-expression-4.3.17.RELEASE.jar;"/>
    <property name="java.vm.vendor" value="Oracle Corporation"/>
    <property name="sun.arch.data.model" value="64"/>
    <property name="user.variant" value=""/>
    <property name="java.vendor.url" value="http://java.oracle.com/"/>
    <property name="user.timezone" value="Asia/Shanghai"/>
    <property name="java.vm.specification.version" value="1.8"/>
    <property name="os.name" value="Windows 10"/>
    <property name="user.country" value="CN"/>
    <property name="sun.java.launcher" value="SUN_STANDARD"/>
    <property name="sun.boot.library.path" value="E:\development\Java\jdk1.8.0_151\jre\bin"/>
    <property name="sun.java.command" value="C:\Users\ADMINI~1\AppData\Local\Temp\surefire3990987698838130771\surefirebooter4237103302324375723.jar C:\Users\Administrator\AppData\Local\Temp\surefire3990987698838130771 2020-02-01T20-14-14_897-jvmRun1 surefire5614761047740312222tmp surefire_08474501720413846399tmp"/>
    <property name="surefire.test.class.path" value="E:\workspace\itrip\father\Module\target\test-classes;E:\workspace\itrip\father\Module\target\classes;D:\安装包Collection\maven3.5\mavenku\junit\junit\4.11\junit-4.11.jar;D:\安装包Collection\maven3.5\mavenku\org\hamcrest\hamcrest-core\1.3\hamcrest-core-1.3.jar;D:\安装包Collection\maven3.5\mavenku\org\springframework\boot\spring-boot-starter-data-redis\1.5.13.RELEASE\spring-boot-starter-data-redis-1.5.13.RELEASE.jar;D:\安装包Collection\maven3.5\mavenku\org\springframework\boot\spring-boot-starter\1.5.13.RELEASE\spring-boot-starter-1.5.13.RELEASE.jar;D:\安装包Collection\maven3.5\mavenku\org\springframework\boot\spring-boot\1.5.13.RELEASE\spring-boot-1.5.13.RELEASE.jar;D:\安装包Collection\maven3.5\mavenku\org\springframework\boot\spring-boot-autoconfigure\1.5.13.RELEASE\spring-boot-autoconfigure-1.5.13.RELEASE.jar;D:\安装包Collection\maven3.5\mavenku\org\springframework\boot\spring-boot-starter-logging\1.5.13.RELEASE\spring-boot-starter-logging-1.5.13.RELEASE.jar;D:\安装包Collection\maven3.5\mavenku\ch\qos\logback\logback-classic\1.1.11\logback-classic-1.1.11.jar;D:\安装包Collection\maven3.5\mavenku\ch\qos\logback\logback-core\1.1.11\logback-core-1.1.11.jar;D:\安装包Collection\maven3.5\mavenku\org\slf4j\jul-to-slf4j\1.7.25\jul-to-slf4j-1.7.25.jar;D:\安装包Collection\maven3.5\mavenku\org\slf4j\log4j-over-slf4j\1.7.25\log4j-over-slf4j-1.7.25.jar;D:\安装包Collection\maven3.5\mavenku\org\springframework\spring-core\4.3.17.RELEASE\spring-core-4.3.17.RELEASE.jar;D:\安装包Collection\maven3.5\mavenku\org\yaml\snakeyaml\1.17\snakeyaml-1.17.jar;D:\安装包Collection\maven3.5\mavenku\org\springframework\data\spring-data-redis\1.8.12.RELEASE\spring-data-redis-1.8.12.RELEASE.jar;D:\安装包Collection\maven3.5\mavenku\org\springframework\data\spring-data-keyvalue\1.2.12.RELEASE\spring-data-keyvalue-1.2.12.RELEASE.jar;D:\安装包Collection\maven3.5\mavenku\org\springframework\data\spring-data-commons\1.13.12.RELEASE\spring-data-commons-1.13.12.RELEASE.jar;D:\安装包Collection\maven3.5\mavenku\org\springframework\spring-tx\4.3.17.RELEASE\spring-tx-4.3.17.RELEASE.jar;D:\安装包Collection\maven3.5\mavenku\org\springframework\spring-oxm\4.3.17.RELEASE\spring-oxm-4.3.17.RELEASE.jar;D:\安装包Collection\maven3.5\mavenku\org\springframework\spring-aop\4.3.17.RELEASE\spring-aop-4.3.17.RELEASE.jar;D:\安装包Collection\maven3.5\mavenku\org\springframework\spring-context-support\4.3.17.RELEASE\spring-context-support-4.3.17.RELEASE.jar;D:\安装包Collection\maven3.5\mavenku\org\slf4j\slf4j-api\1.7.25\slf4j-api-1.7.25.jar;D:\安装包Collection\maven3.5\mavenku\org\slf4j\jcl-over-slf4j\1.7.25\jcl-over-slf4j-1.7.25.jar;D:\安装包Collection\maven3.5\mavenku\redis\clients\jedis\2.9.0\jedis-2.9.0.jar;D:\安装包Collection\maven3.5\mavenku\org\apache\commons\commons-pool2\2.4.3\commons-pool2-2.4.3.jar;D:\安装包Collection\maven3.5\mavenku\org\springframework\boot\spring-boot-starter-web\1.5.13.RELEASE\spring-boot-starter-web-1.5.13.RELEASE.jar;D:\安装包Collection\maven3.5\mavenku\org\springframework\boot\spring-boot-starter-tomcat\1.5.13.RELEASE\spring-boot-starter-tomcat-1.5.13.RELEASE.jar;D:\安装包Collection\maven3.5\mavenku\org\apache\tomcat\embed\tomcat-embed-core\8.5.31\tomcat-embed-core-8.5.31.jar;D:\安装包Collection\maven3.5\mavenku\org\apache\tomcat\tomcat-annotations-api\8.5.31\tomcat-annotations-api-8.5.31.jar;D:\安装包Collection\maven3.5\mavenku\org\apache\tomcat\embed\tomcat-embed-el\8.5.31\tomcat-embed-el-8.5.31.jar;D:\安装包Collection\maven3.5\mavenku\org\apache\tomcat\embed\tomcat-embed-websocket\8.5.31\tomcat-embed-websocket-8.5.31.jar;D:\安装包Collection\maven3.5\mavenku\org\hibernate\hibernate-validator\5.3.6.Final\hibernate-validator-5.3.6.Final.jar;D:\安装包Collection\maven3.5\mavenku\javax\validation\validation-api\1.1.0.Final\validation-api-1.1.0.Final.jar;D:\安装包Collection\maven3.5\mavenku\org\jboss\logging\jboss-logging\3.3.2.Final\jboss-logging-3.3.2.Final.jar;D:\安装包Collection\maven3.5\mavenku\com\fasterxml\classmate\1.3.4\classmate-1.3.4.jar;D:\安装包Collection\maven3.5\mavenku\com\fasterxml\jackson\core\jackson-databind\2.8.11.1\jackson-databind-2.8.11.1.jar;D:\安装包Collection\maven3.5\mavenku\com\fasterxml\jackson\core\jackson-annotations\2.8.0\jackson-annotations-2.8.0.jar;D:\安装包Collection\maven3.5\mavenku\com\fasterxml\jackson\core\jackson-core\2.8.11\jackson-core-2.8.11.jar;D:\安装包Collection\maven3.5\mavenku\org\springframework\spring-web\4.3.17.RELEASE\spring-web-4.3.17.RELEASE.jar;D:\安装包Collection\maven3.5\mavenku\org\springframework\spring-beans\4.3.17.RELEASE\spring-beans-4.3.17.RELEASE.jar;D:\安装包Collection\maven3.5\mavenku\org\springframework\spring-context\4.3.17.RELEASE\spring-context-4.3.17.RELEASE.jar;D:\安装包Collection\maven3.5\mavenku\org\springframework\spring-webmvc\4.3.17.RELEASE\spring-webmvc-4.3.17.RELEASE.jar;D:\安装包Collection\maven3.5\mavenku\org\springframework\spring-expression\4.3.17.RELEASE\spring-expression-4.3.17.RELEASE.jar;"/>
    <property name="sun.cpu.endian" value="little"/>
    <property name="user.home" value="C:\Users\Administrator"/>
    <property name="user.language" value="zh"/>
    <property name="java.specification.vendor" value="Oracle Corporation"/>
    <property name="java.home" value="E:\development\Java\jdk1.8.0_151\jre"/>
    <property name="basedir" value="E:\workspace\itrip\father\Module"/>
    <property name="file.separator" value="\"/>
    <property name="line.separator" value="&#10;"/>
    <property name="java.vm.specification.vendor" value="Oracle Corporation"/>
    <property name="java.specification.name" value="Java Platform API Specification"/>
    <property name="java.awt.graphicsenv" value="sun.awt.Win32GraphicsEnvironment"/>
    <property name="surefire.real.class.path" value="C:\Users\ADMINI~1\AppData\Local\Temp\surefire3990987698838130771\surefirebooter4237103302324375723.jar"/>
    <property name="sun.boot.class.path" value="E:\development\Java\jdk1.8.0_151\jre\lib\resources.jar;E:\development\Java\jdk1.8.0_151\jre\lib\rt.jar;E:\development\Java\jdk1.8.0_151\jre\lib\sunrsasign.jar;E:\development\Java\jdk1.8.0_151\jre\lib\jsse.jar;E:\development\Java\jdk1.8.0_151\jre\lib\jce.jar;E:\development\Java\jdk1.8.0_151\jre\lib\charsets.jar;E:\development\Java\jdk1.8.0_151\jre\lib\jfr.jar;E:\development\Java\jdk1.8.0_151\jre\classes"/>
    <property name="user.script" value=""/>
    <property name="sun.management.compiler" value="HotSpot 64-Bit Tiered Compilers"/>
    <property name="java.runtime.version" value="1.8.0_151-b12"/>
    <property name="user.name" value="Administrator"/>
    <property name="path.separator" value=";"/>
    <property name="os.version" value="10.0"/>
    <property name="java.endorsed.dirs" value="E:\development\Java\jdk1.8.0_151\jre\lib\endorsed"/>
    <property name="java.runtime.name" value="Java(TM) SE Runtime Environment"/>
    <property name="file.encoding" value="GBK"/>
    <property name="java.vm.name" value="Java HotSpot(TM) 64-Bit Server VM"/>
    <property name="localRepository" value="D:\安装包Collection\maven3.5\mavenku"/>
    <property name="java.vendor.url.bug" value="http://bugreport.sun.com/bugreport/"/>
    <property name="java.io.tmpdir" value="C:\Users\ADMINI~1\AppData\Local\Temp\"/>
    <property name="idea.version" value="2018.1"/>
    <property name="java.version" value="1.8.0_151"/>
    <property name="user.dir" value="E:\workspace\itrip\father\Module"/>
    <property name="os.arch" value="amd64"/>
    <property name="java.vm.specification.name" value="Java Virtual Machine Specification"/>
    <property name="java.awt.printerjob" value="sun.awt.windows.WPrinterJob"/>
    <property name="sun.os.patch.level" value=""/>
    <property name="java.library.path" value="E:\development\Java\jdk1.8.0_151\jre\bin;C:\Windows\Sun\Java\bin;C:\Windows\system32;C:\Windows;D:\program\oracle-1\dbhomeXE\bin;C:\ProgramData\Oracle\Java\javapath;C:\Windows\system32;C:\Windows;C:\Windows\System32\Wbem;C:\Windows\System32\WindowsPowerShell\v1.0\;C:\Windows\System32\OpenSSH\;D:\database program files\data base program Files\database5.5install\bin;D:\git\git\git-install\Git\cmd;D:\安装包Collection\Git\program\Git\cmd;D:\安装包Collection\maven3.5\apache-maven-3.5.0\bin;C:\Program Files\TortoiseSVN\bin;%CATALINA_HOME%;E:\development\JDK1.7\bin;C:\Users\Administrator\AppData\Local\Microsoft\WindowsApps;;."/>
    <property name="java.vm.info" value="mixed mode"/>
    <property name="java.vendor" value="Oracle Corporation"/>
    <property name="java.vm.version" value="25.151-b12"/>
    <property name="java.ext.dirs" value="E:\development\Java\jdk1.8.0_151\jre\lib\ext;C:\Windows\Sun\Java\lib\ext"/>
    <property name="sun.io.unicode.encoding" value="UnicodeLittle"/>
    <property name="maven.repo.local" value="D:\安装包Collection\maven3.5\mavenku"/>
    <property name="java.class.version" value="52.0"/>
  </properties>
  <testcase name="shouldAnswerWithTrue" classname="cn.qg.father.AppTest" time="0"/>
</testsuite>